{"/home/jonathan/ramverk/backend/routes/hello.js": {"path":"/home/jonathan/ramverk/backend/routes/hello.js","statementMap":{"0":{"start":{"line":1,"column":14},"end":{"line":1,"column":32}},"1":{"start":{"line":2,"column":13},"end":{"line":2,"column":29}},"2":{"start":{"line":4,"column":0},"end":{"line":24,"column":3}},"3":{"start":{"line":5,"column":17},"end":{"line":9,"column":5}},"4":{"start":{"line":10,"column":20},"end":{"line":10,"column":48}},"5":{"start":{"line":11,"column":15},"end":{"line":11,"column":56}},"6":{"start":{"line":13,"column":4},"end":{"line":21,"column":7}},"7":{"start":{"line":16,"column":8},"end":{"line":18,"column":9}},"8":{"start":{"line":23,"column":4},"end":{"line":23,"column":19}},"9":{"start":{"line":26,"column":0},"end":{"line":26,"column":24}}},"fnMap":{"0":{"name":"(anonymous_0)","decl":{"start":{"line":4,"column":16},"end":{"line":4,"column":17}},"loc":{"start":{"line":4,"column":41},"end":{"line":24,"column":1}},"line":4},"1":{"name":"(anonymous_1)","decl":{"start":{"line":15,"column":73},"end":{"line":15,"column":74}},"loc":{"start":{"line":15,"column":82},"end":{"line":21,"column":5}},"line":15}},"branchMap":{"0":{"loc":{"start":{"line":16,"column":8},"end":{"line":18,"column":9}},"type":"if","locations":[{"start":{"line":16,"column":8},"end":{"line":18,"column":9}},{"start":{"line":16,"column":8},"end":{"line":18,"column":9}}],"line":16}},"s":{"0":1,"1":1,"2":1,"3":0,"4":0,"5":0,"6":0,"7":0,"8":0,"9":1},"f":{"0":0,"1":0},"b":{"0":[0,0]},"_coverageSchema":"43e27e138ebf9cfc5966b082cf9a028302ed4184","hash":"ed91651a90c7d14e89bd914215d05be4aa537315"}
}
